\BOOKMARK [1][-]{section.1}{\376\377\000M\000o\000t\000i\000v\000a\000t\000i\000o\000n\000\040\000u\000n\000d\000\040\000E\000i\000n\000o\000r\000d\000n\000u\000n\000g}{}% 1
\BOOKMARK [2][-]{subsection.1.1}{\376\377\000A\000u\000s\000g\000a\000n\000g\000s\000p\000r\000o\000b\000l\000e\000m\000:\000\040\000d\000i\000e\000\040\000B\000I\000M\000-\000t\000o\000-\000F\000E\000M\000-\000L\000\374\000c\000k\000e}{section.1}% 2
\BOOKMARK [2][-]{subsection.1.2}{\376\377\000W\000i\000s\000s\000e\000n\000s\000r\000e\000p\000r\000\344\000s\000e\000n\000t\000a\000t\000i\000o\000n\000\040\000a\000l\000s\000\040\000S\000c\000h\000l\000\374\000s\000s\000e\000l}{section.1}% 3
\BOOKMARK [2][-]{subsection.1.3}{\376\377\000D\000i\000f\000f\000e\000r\000e\000n\000z\000i\000e\000r\000b\000a\000r\000k\000e\000i\000t\000\040\000u\000n\000d\000\040\000J\000A\000X}{section.1}% 4
\BOOKMARK [2][-]{subsection.1.4}{\376\377\000E\000i\000n\000o\000r\000d\000n\000u\000n\000g\000\040\000i\000n\000\040\000d\000i\000e\000\040\000P\000r\000o\000j\000e\000k\000t\000h\000i\000s\000t\000o\000r\000i\000e}{section.1}% 5
\BOOKMARK [1][-]{section.2}{\376\377\000G\000e\000s\000a\000m\000t\000a\000r\000c\000h\000i\000t\000e\000k\000t\000u\000r\000\040\000d\000e\000r\000\040\000P\000i\000p\000e\000l\000i\000n\000e}{}% 6
\BOOKMARK [1][-]{section.3}{\376\377\000K\000o\000n\000f\000i\000g\000u\000r\000a\000t\000i\000o\000n\000s\000p\000a\000r\000a\000m\000e\000t\000e\000r\000\040\000\050\000S\000c\000h\000r\000i\000t\000t\000\040\0001\000\051}{}% 7
\BOOKMARK [1][-]{section.4}{\376\377\000P\000h\000a\000s\000e\000\040\0001\000:\000\040\000M\000o\000d\000e\000l\000l\000a\000u\000f\000b\000a\000u}{}% 8
\BOOKMARK [2][-]{subsection.4.1}{\376\377\000I\000F\000C\000\040\000l\000a\000d\000e\000n\000\040\000u\000n\000d\000\040\000D\000e\000m\000o\000-\000M\000o\000d\000e\000l\000l\000\040\000\050\000S\000c\000h\000r\000i\000t\000t\000\040\0002\000\051}{section.4}% 9
\BOOKMARK [3][-]{subsubsection.4.1.1}{\376\377\000D\000e\000m\000o\000-\000M\000o\000d\000e\000l\000l}{subsection.4.1}% 10
\BOOKMARK [3][-]{subsubsection.4.1.2}{\376\377\000E\000i\000g\000e\000n\000e\000\040\000I\000F\000C\000-\000D\000a\000t\000e\000i\000\040\000u\000n\000d\000\040\000Z\000-\000N\000o\000r\000m\000a\000l\000i\000s\000i\000e\000r\000u\000n\000g}{subsection.4.1}% 11
\BOOKMARK [2][-]{subsection.4.2}{\376\377\000B\000a\000u\000t\000e\000i\000l\000-\000P\000a\000r\000s\000i\000n\000g\000\040\000u\000n\000d\000\040\000P\000u\000n\000k\000t\000w\000o\000l\000k\000e\000n\000e\000r\000z\000e\000u\000g\000u\000n\000g\000\040\000\050\000S\000c\000h\000r\000i\000t\000t\000\040\0003\000\051}{section.4}% 12
\BOOKMARK [2][-]{subsection.4.3}{\376\377\000I\000F\000C\000-\000R\000e\000l\000a\000t\000i\000o\000n\000s\000h\000i\000p\000-\000A\000n\000a\000l\000y\000s\000e\000\040\000\050\000S\000c\000h\000r\000i\000t\000t\000\040\0005\000\051}{section.4}% 13
\BOOKMARK [2][-]{subsection.4.4}{\376\377\000S\000e\000m\000a\000n\000t\000i\000s\000c\000h\000e\000s\000\040\000D\000B\000S\000C\000A\000N\000-\000C\000l\000u\000s\000t\000e\000r\000i\000n\000g\000\040\000\050\000S\000c\000h\000r\000i\000t\000t\000\040\0006\000\051}{section.4}% 14
\BOOKMARK [3][-]{subsubsection.4.4.1}{\376\377\000C\000l\000u\000s\000t\000e\000r\000i\000n\000g\000-\000A\000l\000g\000o\000r\000i\000t\000h\000m\000u\000s}{subsection.4.4}% 15
\BOOKMARK [3][-]{subsubsection.4.4.2}{\376\377\000I\000F\000C\000-\000B\000B\000o\000x\000-\000S\000n\000a\000p}{subsection.4.4}% 16
\BOOKMARK [2][-]{subsection.4.5}{\376\377\000F\000e\000a\000t\000u\000r\000e\000-\000E\000x\000t\000r\000a\000k\000t\000i\000o\000n\000\040\000\050\000S\000c\000h\000r\000i\000t\000t\000\040\0007\000\051}{section.4}% 17
\BOOKMARK [2][-]{subsection.4.6}{\376\377\000R\000\344\000u\000m\000l\000i\000c\000h\000e\000\040\000B\000e\000z\000i\000e\000h\000u\000n\000g\000s\000a\000n\000a\000l\000y\000s\000e\000\040\000\050\000S\000c\000h\000r\000i\000t\000t\000\040\0008\000\051}{section.4}% 18
\BOOKMARK [1][-]{section.5}{\376\377\000S\000c\000e\000n\000e\000\040\000G\000r\000a\000p\000h\000\040\040\024\000\040\000F\000o\000r\000m\000a\000l\000e\000\040\000B\000e\000s\000c\000h\000r\000e\000i\000b\000u\000n\000g\000\040\000\050\000S\000c\000h\000r\000i\000t\000t\000\040\0009\000\051}{}% 19
\BOOKMARK [2][-]{subsection.5.1}{\376\377\000G\000r\000a\000p\000h\000s\000t\000r\000u\000k\000t\000u\000r}{section.5}% 20
\BOOKMARK [2][-]{subsection.5.2}{\376\377\000G\000r\000a\000p\000h\000-\000M\000e\000t\000r\000i\000k\000e\000n\000\040\000u\000n\000d\000\040\000A\000n\000a\000l\000y\000s\000e\000f\000u\000n\000k\000t\000i\000o\000n\000e\000n\000\040\000\050\000S\000c\000h\000r\000i\000t\000t\000\040\0001\0000\040\023\0001\0001\000\051}{section.5}% 21
\BOOKMARK [2][-]{subsection.5.3}{\376\377\000A\000u\000t\000o\000m\000a\000t\000i\000s\000c\000h\000e\000\040\000A\000b\000l\000e\000i\000t\000u\000n\000g\000\040\000d\000e\000r\000\040\000F\000E\000M\000-\000R\000a\000n\000d\000b\000e\000d\000i\000n\000g\000u\000n\000g\000e\000n}{section.5}% 22
\BOOKMARK [1][-]{section.6}{\376\377\000P\000h\000a\000s\000e\000\040\0002\000:\000\040\000F\000E\000M\000-\000V\000o\000r\000b\000e\000r\000e\000i\000t\000u\000n\000g}{}% 23
\BOOKMARK [2][-]{subsection.6.1}{\376\377\000M\000a\000t\000e\000r\000i\000a\000l\000-\000M\000a\000p\000p\000i\000n\000g\000\040\000\050\000S\000c\000h\000r\000i\000t\000t\000\040\0001\0002\000\051}{section.6}% 24
\BOOKMARK [2][-]{subsection.6.2}{\376\377\000G\000M\000S\000H\000\040\000T\000e\000t\0004\000-\000N\000e\000t\000z\000\040\000a\000u\000s\000\040\000I\000F\000C\000-\000G\000e\000o\000m\000e\000t\000r\000i\000e\000\040\000\050\000S\000c\000h\000r\000i\000t\000t\000\040\0001\0003\000\051}{section.6}% 25
\BOOKMARK [3][-]{subsubsection.6.2.1}{\376\377\000S\000t\000r\000a\000t\000e\000g\000i\000e\000:\000\040\000S\000T\000L\000-\000M\000e\000r\000g\000e}{subsection.6.2}% 26
\BOOKMARK [3][-]{subsubsection.6.2.2}{\376\377\000F\000a\000l\000l\000b\000a\000c\000k\000-\000S\000t\000r\000a\000t\000e\000g\000i\000e}{subsection.6.2}% 27
\BOOKMARK [3][-]{subsubsection.6.2.3}{\376\377\000N\000e\000t\000z\000a\000u\000s\000g\000a\000b\000e}{subsection.6.2}% 28
\BOOKMARK [2][-]{subsection.6.3}{\376\377\000R\000a\000n\000d\000b\000e\000d\000i\000n\000g\000u\000n\000g\000e\000n\000\040\000\050\000S\000c\000h\000r\000i\000t\000t\000\040\0001\0004\000\051}{section.6}% 29
\BOOKMARK [3][-]{subsubsection.6.3.1}{\376\377\000K\000o\000n\000t\000a\000k\000t\000z\000o\000n\000e\000n\000b\000a\000s\000i\000e\000r\000t\000e\000\040\000B\000C\000s}{subsection.6.3}% 30
\BOOKMARK [3][-]{subsubsection.6.3.2}{\376\377\000J\000A\000X\000-\000k\000o\000m\000p\000a\000t\000i\000b\000l\000e\000\040\000L\000o\000c\000a\000t\000i\000o\000n\000-\000F\000u\000n\000k\000t\000i\000o\000n\000e\000n}{subsection.6.3}% 31
\BOOKMARK [1][-]{section.7}{\376\377\000F\000E\000M\000-\000F\000o\000r\000m\000u\000l\000i\000e\000r\000u\000n\000g\000\040\000\050\000S\000c\000h\000r\000i\000t\000t\000\040\0001\0005\040\023\0001\0006\000\051}{}% 32
\BOOKMARK [2][-]{subsection.7.1}{\376\377\000K\000o\000n\000s\000t\000i\000t\000u\000t\000i\000v\000e\000s\000\040\000G\000e\000s\000e\000t\000z\000\040\040\024\000\040\000L\000i\000n\000e\000a\000r\000e\000\040\0003\000D\000-\000E\000l\000a\000s\000t\000i\000z\000i\000t\000\344\000t}{section.7}% 33
\BOOKMARK [2][-]{subsection.7.2}{\376\377\000S\000c\000h\000w\000a\000c\000h\000e\000\040\000F\000o\000r\000m\000\040\000u\000n\000d\000\040\000F\000E\000M\000-\000D\000i\000s\000k\000r\000e\000t\000i\000s\000i\000e\000r\000u\000n\000g}{section.7}% 34
\BOOKMARK [2][-]{subsection.7.3}{\376\377\000T\000e\000t\0004\000-\000E\000l\000e\000m\000e\000n\000t}{section.7}% 35
\BOOKMARK [2][-]{subsection.7.4}{\376\377\000J\000a\000x\000F\000E\000M\000-\000P\000r\000o\000b\000l\000e\000m\000k\000l\000a\000s\000s\000e}{section.7}% 36
\BOOKMARK [2][-]{subsection.7.5}{\376\377\000V\000o\000n\000-\000M\000i\000s\000e\000s\000-\000V\000e\000r\000g\000l\000e\000i\000c\000h\000s\000s\000p\000a\000n\000n\000u\000n\000g\000\040\000u\000n\000d\000\040\000S\000p\000a\000n\000n\000u\000n\000g\000s\000b\000e\000r\000e\000c\000h\000n\000u\000n\000g\000\040\000\050\000S\000c\000h\000r\000i\000t\000t\000\040\0001\0006\000\051}{section.7}% 37
\BOOKMARK [1][-]{section.8}{\376\377\000E\000r\000g\000e\000b\000n\000i\000s\000s\000e\000\040\040\024\000\040\000E\000r\000s\000t\000e\000r\000\040\000M\000e\000i\000l\000e\000n\000s\000t\000e\000i\000n\000\040\000\050\000S\000c\000h\000r\000i\000t\000t\000\040\0001\0007\040\023\0001\0008\000\051}{}% 38
\BOOKMARK [2][-]{subsection.8.1}{\376\377\000M\000o\000d\000e\000l\000l\000-\000K\000e\000n\000n\000g\000r\000\366\000\337\000e\000n}{section.8}% 39
\BOOKMARK [2][-]{subsection.8.2}{\376\377\000F\000E\000M\000-\000E\000r\000g\000e\000b\000n\000i\000s\000s\000e}{section.8}% 40
\BOOKMARK [2][-]{subsection.8.3}{\376\377\000P\000l\000a\000u\000s\000i\000b\000i\000l\000i\000t\000\344\000t\000s\000b\000e\000w\000e\000r\000t\000u\000n\000g}{section.8}% 41
\BOOKMARK [2][-]{subsection.8.4}{\376\377\000E\000r\000g\000e\000b\000n\000i\000s\000r\000\374\000c\000k\000f\000l\000u\000s\000s\000\040\000i\000n\000\040\000d\000e\000n\000\040\000S\000c\000e\000n\000e\000\040\000G\000r\000a\000p\000h\000\040\000\050\000S\000c\000h\000r\000i\000t\000t\000\040\0001\0008\000\051}{section.8}% 42
\BOOKMARK [1][-]{section.9}{\376\377\000L\000L\000M\000-\000I\000n\000t\000e\000g\000r\000a\000t\000i\000o\000n\000\040\000\050\000S\000c\000h\000r\000i\000t\000t\000\040\0001\0009\000\051}{}% 43
\BOOKMARK [2][-]{subsection.9.1}{\376\377\000P\000r\000o\000m\000p\000t\000-\000G\000e\000n\000e\000r\000i\000e\000r\000u\000n\000g}{section.9}% 44
\BOOKMARK [2][-]{subsection.9.2}{\376\377\000A\000n\000w\000e\000n\000d\000u\000n\000g\000s\000b\000e\000i\000s\000p\000i\000e\000l\000e}{section.9}% 45
\BOOKMARK [2][-]{subsection.9.3}{\376\377\000A\000P\000I\000-\000A\000n\000b\000i\000n\000d\000u\000n\000g}{section.9}% 46
\BOOKMARK [1][-]{section.10}{\376\377\000V\000e\000r\000g\000l\000e\000i\000c\000h\000:\000\040\000V\000o\000r\000g\000\344\000n\000g\000e\000r\000\040\000v\000s\000.\000\040\000n\000e\000u\000e\000s\000\040\000N\000o\000t\000e\000b\000o\000o\000k}{}% 47
\BOOKMARK [1][-]{section.11}{\376\377\000B\000e\000k\000a\000n\000n\000t\000e\000\040\000E\000i\000n\000s\000c\000h\000r\000\344\000n\000k\000u\000n\000g\000e\000n\000\040\000\050\000V\000e\000r\000s\000i\000o\000n\000\040\0001\000.\0000\000\051}{}% 48
\BOOKMARK [1][-]{section.12}{\376\377\000R\000o\000a\000d\000m\000a\000p\000\040\000u\000n\000d\000\040\000N\000\344\000c\000h\000s\000t\000e\000\040\000E\000n\000t\000w\000i\000c\000k\000l\000u\000n\000g\000s\000s\000c\000h\000r\000i\000t\000t\000e}{}% 49
\BOOKMARK [1][-]{section.13}{\376\377\000S\000o\000f\000t\000w\000a\000r\000e\000a\000b\000h\000\344\000n\000g\000i\000g\000k\000e\000i\000t\000e\000n\000\040\000u\000n\000d\000\040\000U\000m\000g\000e\000b\000u\000n\000g}{}% 50
\BOOKMARK [2][-]{subsection.13.1}{\376\377\000P\000y\000t\000h\000o\000n\000-\000P\000a\000k\000e\000t\000e}{section.13}% 51
\BOOKMARK [2][-]{subsection.13.2}{\376\377\000C\000o\000n\000d\000a\000-\000U\000m\000g\000e\000b\000u\000n\000g}{section.13}% 52
\BOOKMARK [2][-]{subsection.13.3}{\376\377\000A\000u\000s\000g\000a\000b\000e\000d\000a\000t\000e\000i\000e\000n}{section.13}% 53
\BOOKMARK [1][-]{section.14}{\376\377\000Z\000u\000s\000a\000m\000m\000e\000n\000f\000a\000s\000s\000u\000n\000g\000\040\000a\000l\000l\000e\000r\000\040\000N\000o\000t\000e\000b\000o\000o\000k\000-\000S\000c\000h\000r\000i\000t\000t\000e}{}% 54
\BOOKMARK [1][-]{table.caption.13}{\376\377\000R\000e\000f\000e\000r\000e\000n\000z\000e\000n}{}% 55
